Build started 08/08/2015 18:38:30.
     1>Project "C:\Users\Goku\Desktop\Programas Deitel\Cap.4\Exercicios_4-19+\Exercicios_4-19+\Exercicios_4-19+.vcxproj" on node 2 (Build target(s)).
     1>ClCompile:
         C:\Program Files (x86)\Microsoft Visual Studio 14.0\VC\bin\CL.exe /c /ZI /nologo /W3 /WX- /sdl /Od /Oy- /D WIN32 /D _DEBUG /D _CONSOLE /D _UNICODE /D UNICODE /Gm /EHsc /RTC1 /MDd /GS /fp:precise /Zc:wchar_t /Zc:forScope /Zc:inline /Fo"Debug\\" /Fd"Debug\vc140.pdb" /Gd /TP /analyze- /errorReport:prompt Source1.cpp
         Source1.cpp
       Link:
         C:\Program Files (x86)\Microsoft Visual Studio 14.0\VC\bin\link.exe /ERRORREPORT:PROMPT /OUT:"C:\Users\Goku\Desktop\Programas Deitel\Cap.4\Exercicios_4-19+\Debug\Exercicios_4-19+.exe" /INCREMENTAL /NOLOGO kernel32.lib user32.lib gdi32.lib winspool.lib comdlg32.lib advapi32.lib shell32.lib ole32.lib oleaut32.lib uuid.lib odbc32.lib odbccp32.lib /MANIFEST /MANIFESTUAC:"level='asInvoker' uiAccess='false'" /manifest:embed /Debug /PDB:"C:\Users\Goku\Desktop\Programas Deitel\Cap.4\Exercicios_4-19+\Debug\Exercicios_4-19+.pdb" /SUBSYSTEM:CONSOLE /TLBID:1 /DYNAMICBASE /NXCOMPAT /IMPLIB:"C:\Users\Goku\Desktop\Programas Deitel\Cap.4\Exercicios_4-19+\Debug\Exercicios_4-19+.lib" /MACHINE:X86 Debug\Source.obj
         Debug\Source1.obj
     1>Source1.obj : error LNK2005: _main already defined in Source.obj
     1>C:\Users\Goku\Desktop\Programas Deitel\Cap.4\Exercicios_4-19+\Debug\Exercicios_4-19+.exe : fatal error LNK1169: one or more multiply defined symbols found
     1>Done Building Project "C:\Users\Goku\Desktop\Programas Deitel\Cap.4\Exercicios_4-19+\Exercicios_4-19+\Exercicios_4-19+.vcxproj" (Build target(s)) -- FAILED.

Build FAILED.

Time Elapsed 00:00:01.79
